  Cleaning remote project directory
  Validating sources
  Copying sources remotely to '192.168.0.108'
  Validating architecture
  Validating architecture
C:\Program Files\Microsoft Visual Studio\2022\Community\MSBuild\Microsoft\VC\v170\Application Type\Linux\1.0\Linux.targets(202,5): warning : Current project architecture 'ARM64' is incompatible with the remote system architecture 'ARM' ('armv6l'). Please switch the project architecture to 'ARM' in Configuration Manager. If you are cross-compiling you can ignore this warning.
  Starting remote build
  Compiling sources:
  main.cpp
C:\Users\Utente\Desktop\pi\JackPi\header\BuzzerArchive.h(126,12): warning : conversion from ‘long int’ to ‘float’ may change value [-Wconversion]
C:\Users\Utente\Desktop\pi\JackPi\header\BuzzerArchive.h(126,12): warning :   126 |  float d = length / 16.0f;
C:\Users\Utente\Desktop\pi\JackPi\header\BuzzerArchive.h(126,12): warning :       |            ^~~~~~
C:\Users\Utente\Desktop\pi\JackPi\header\BuzzerArchive.h(129,44): warning : conversion from ‘long int’ to ‘float’ may change value [-Wconversion]
C:\Users\Utente\Desktop\pi\JackPi\header\BuzzerArchive.h(129,44): warning :   129 |  long numCycles = 500000 * d / (delayValue * 2);
C:\Users\Utente\Desktop\pi\JackPi\header\BuzzerArchive.h(129,44): warning :       |                                ~~~~~~~~~~~~^~~~
C:\Users\Utente\Desktop\pi\JackPi\header\BuzzerArchive.h(129,30): warning : conversion from ‘float’ to ‘long int’ may change value [-Wfloat-conversion]
C:\Users\Utente\Desktop\pi\JackPi\header\BuzzerArchive.h(129,30): warning :   129 |  long numCycles = 500000 * d / (delayValue * 2);
C:\Users\Utente\Desktop\pi\JackPi\header\BuzzerArchive.h(129,30): warning :       |                   ~~~~~~~~~~~^~~~~~~~~~~~~~~~~~
  releHandler.cpp
  Linking objects
  JackPi.vcxproj -> C:\Users\Utente\Desktop\pi\JackPi\bin\ARM64\Debug\JackPi.out
